INFO 2023-08-28 04:43:25,040 autoreload 668 Watching for file changes with StatReloader
WARNING 2023-08-28 04:43:28,139 log 241 Not Found: /favicon.ico
ERROR 2023-08-28 04:45:35,273 views 103 Some error happen
NoneType: None
ERROR 2023-08-28 04:50:08,088 views 103 Some error happen
NoneType: None
DEBUG 2023-08-28 05:06:00,578 functional 335 
def group(self, tasks, result, group_id, partial_args, add_to_parent=0):
    return 1

DEBUG 2023-08-28 05:06:00,579 functional 335 
def drf_activate_email(request, id, domain, uid, access, refresh, protocol):
    return 1

DEBUG 2023-08-28 05:06:00,579 functional 335 
def my_mail(self):
    return 1

DEBUG 2023-08-28 05:06:00,579 functional 335 
def xmap(task, it):
    return 1

DEBUG 2023-08-28 05:06:00,580 functional 335 
def activate_email(request, id, domain, uid, token, protocol):
    return 1

DEBUG 2023-08-28 05:06:00,580 functional 335 
def chain(*args, **kwargs):
    return 1

DEBUG 2023-08-28 05:06:00,581 functional 335 
def backend_cleanup():
    return 1

DEBUG 2023-08-28 05:06:00,581 functional 335 
def xstarmap(task, it):
    return 1

DEBUG 2023-08-28 05:06:00,582 functional 335 
def chord(self, header, body, partial_args=0, interval=1, countdown=2, max_retries=3, eager=4, **kwargs):
    return 1

DEBUG 2023-08-28 05:06:00,582 functional 335 
def accumulate(self, *args, **kwargs):
    return 1

DEBUG 2023-08-28 05:06:00,583 functional 335 
def send_ticket(self, id, pdf_tuple):
    return 1

DEBUG 2023-08-28 05:06:00,583 functional 335 
def chunks(task, it, n):
    return 1

DEBUG 2023-08-28 05:06:00,584 functional 335 
def unlock_chord(self, group_id, callback, interval=0, max_retries=1, result=2, Result=3, GroupResult=4, result_from_tuple=5, **kwargs):
    return 1

DEBUG 2023-08-28 05:06:49,237 functional 335 
def xstarmap(task, it):
    return 1

DEBUG 2023-08-28 05:06:49,239 functional 335 
def activate_email(request, id, domain, uid, token, protocol):
    return 1

DEBUG 2023-08-28 05:06:49,240 functional 335 
def send_ticket(self, id, pdf_tuple):
    return 1

DEBUG 2023-08-28 05:06:49,240 functional 335 
def chord(self, header, body, partial_args=0, interval=1, countdown=2, max_retries=3, eager=4, **kwargs):
    return 1

DEBUG 2023-08-28 05:06:49,241 functional 335 
def accumulate(self, *args, **kwargs):
    return 1

DEBUG 2023-08-28 05:06:49,241 functional 335 
def chunks(task, it, n):
    return 1

DEBUG 2023-08-28 05:06:49,242 functional 335 
def my_mail(self):
    return 1

DEBUG 2023-08-28 05:06:49,242 functional 335 
def unlock_chord(self, group_id, callback, interval=0, max_retries=1, result=2, Result=3, GroupResult=4, result_from_tuple=5, **kwargs):
    return 1

DEBUG 2023-08-28 05:06:49,243 functional 335 
def group(self, tasks, result, group_id, partial_args, add_to_parent=0):
    return 1

DEBUG 2023-08-28 05:06:49,243 functional 335 
def drf_activate_email(request, id, domain, uid, access, refresh, protocol):
    return 1

DEBUG 2023-08-28 05:06:49,244 functional 335 
def xmap(task, it):
    return 1

DEBUG 2023-08-28 05:06:49,244 functional 335 
def chain(*args, **kwargs):
    return 1

DEBUG 2023-08-28 05:06:49,245 functional 335 
def backend_cleanup():
    return 1

INFO 2023-08-28 05:07:12,038 views 61 User is created successfuly
INFO 2023-08-28 05:07:20,913 views 100 Login
WARNING 2023-08-28 05:08:27,694 views 86 This is movie detail view at 2023-08-28 05:08:27.694669 hours!
WARNING 2023-08-28 05:08:31,449 log 241 Forbidden (Origin checking failed - http://127.0.0.1:8000 does not match any trusted origins.): /booking/reserve/1/1/omg2/1
WARNING 2023-08-28 05:08:32,098 log 241 Forbidden (Origin checking failed - http://127.0.0.1:8000 does not match any trusted origins.): /booking/reserve/1/1/omg2/1
WARNING 2023-08-28 05:08:32,469 log 241 Forbidden (Origin checking failed - http://127.0.0.1:8000 does not match any trusted origins.): /booking/reserve/1/1/omg2/1
WARNING 2023-08-28 05:08:33,094 log 241 Forbidden (Origin checking failed - http://127.0.0.1:8000 does not match any trusted origins.): /booking/reserve/1/1/omg2/1
INFO 2023-08-28 05:10:26,683 views 39 This is movie search
INFO 2023-08-28 05:11:26,071 autoreload 668 Watching for file changes with StatReloader
WARNING 2023-08-28 05:11:38,120 log 241 Not Found: /img/icon-changelink.svg
WARNING 2023-08-28 05:11:38,124 log 241 Not Found: /img/icon-addlink.svg
WARNING 2023-08-28 05:11:59,872 log 241 Not Found: /admin/authentication/img/icon-addlink.svg
WARNING 2023-08-28 05:11:59,876 log 241 Not Found: /admin/authentication/img/tooltag-add.svg
WARNING 2023-08-28 05:11:59,889 log 241 Not Found: /admin/authentication/img/sorting-icons.svg
WARNING 2023-08-28 05:13:14,841 log 241 Not Found: /favicon.ico
WARNING 2023-08-28 05:13:28,078 log 241 Not Found: /admin/authentication/img/icon-addlink.svg
WARNING 2023-08-28 05:13:28,088 log 241 Not Found: /admin/authentication/img/sorting-icons.svg
WARNING 2023-08-28 05:13:28,094 log 241 Not Found: /admin/authentication/img/tooltag-add.svg
WARNING 2023-08-28 05:13:44,092 log 241 Not Found: /admin/authentication/img/icon-addlink.svg
WARNING 2023-08-28 05:13:44,095 log 241 Not Found: /admin/authentication/img/tooltag-add.svg
WARNING 2023-08-28 05:13:44,098 log 241 Not Found: /admin/authentication/img/sorting-icons.svg
WARNING 2023-08-28 05:13:45,814 log 241 Not Found: /admin/authentication/img/icon-addlink.svg
WARNING 2023-08-28 05:13:45,817 log 241 Not Found: /admin/authentication/img/sorting-icons.svg
WARNING 2023-08-28 05:13:45,819 log 241 Not Found: /admin/authentication/img/tooltag-add.svg
WARNING 2023-08-28 05:13:50,526 log 241 Not Found: /admin/authentication/img/icon-addlink.svg
WARNING 2023-08-28 05:13:50,542 log 241 Not Found: /admin/authentication/img/sorting-icons.svg
WARNING 2023-08-28 05:13:50,545 log 241 Not Found: /admin/authentication/img/tooltag-add.svg
INFO 2023-08-28 05:14:29,480 autoreload 266 /home/sunil/linPracticeProgramming/django/projects/qfxCinema/authentication/api/urls.py changed, reloading.
INFO 2023-08-28 05:14:30,382 autoreload 668 Watching for file changes with StatReloader
INFO 2023-08-28 05:14:32,121 autoreload 266 /home/sunil/linPracticeProgramming/django/projects/qfxCinema/qfxcinema/settings.py changed, reloading.
INFO 2023-08-28 05:14:32,888 autoreload 668 Watching for file changes with StatReloader
INFO 2023-08-28 05:14:51,944 autoreload 266 /home/sunil/linPracticeProgramming/django/projects/qfxCinema/qfxcinema/settings.py changed, reloading.
INFO 2023-08-28 05:14:52,741 autoreload 668 Watching for file changes with StatReloader
INFO 2023-08-28 05:14:54,362 autoreload 266 /home/sunil/linPracticeProgramming/django/projects/qfxCinema/qfxcinema/settings.py changed, reloading.
INFO 2023-08-28 05:14:55,101 autoreload 668 Watching for file changes with StatReloader
INFO 2023-08-28 05:14:56,710 autoreload 266 /home/sunil/linPracticeProgramming/django/projects/qfxCinema/qfxcinema/settings.py changed, reloading.
INFO 2023-08-28 05:14:57,478 autoreload 668 Watching for file changes with StatReloader
INFO 2023-08-28 05:15:07,398 autoreload 266 /home/sunil/linPracticeProgramming/django/projects/qfxCinema/authentication/api/urls.py changed, reloading.
INFO 2023-08-28 05:15:08,168 autoreload 668 Watching for file changes with StatReloader
INFO 2023-08-28 05:21:13,922 autoreload 266 /home/sunil/linPracticeProgramming/django/projects/qfxCinema/authentication/api/urls.py changed, reloading.
INFO 2023-08-28 05:21:14,762 autoreload 668 Watching for file changes with StatReloader
